::1 - - [21/Aug/2018:12:13:59 +0000] "OPTIONS /pageauth HTTP/1.1" 200 13 "-" "Mozilla/5.0 (Windows NT 6.1; WOW64) AppleWebKit/537.36 (KHTML, like Gecko) Chrome/68.0.3440.106 Safari/537.36"
::1 - - [21/Aug/2018:12:13:59 +0000] "POST /pageauth HTTP/1.1" 200 15 "http://localhost:8080/omp/sys/authority" "Mozilla/5.0 (Windows NT 6.1; WOW64) AppleWebKit/537.36 (KHTML, like Gecko) Chrome/68.0.3440.106 Safari/537.36"
::1 - - [21/Aug/2018:12:14:01 +0000] "POST /api/login HTTP/1.1" 200 1171 "http://localhost:8080/omp/" "Mozilla/5.0 (Windows NT 6.1; WOW64) AppleWebKit/537.36 (KHTML, like Gecko) Chrome/68.0.3440.106 Safari/537.36"
::1 - - [21/Aug/2018:12:14:01 +0000] "POST /pageauth HTTP/1.1" 200 475 "http://localhost:8080/omp/" "Mozilla/5.0 (Windows NT 6.1; WOW64) AppleWebKit/537.36 (KHTML, like Gecko) Chrome/68.0.3440.106 Safari/537.36"
::1 - - [21/Aug/2018:12:14:02 +0000] "OPTIONS /api/auth/queryAuthItem HTTP/1.1" 200 4 "-" "Mozilla/5.0 (Windows NT 6.1; WOW64) AppleWebKit/537.36 (KHTML, like Gecko) Chrome/68.0.3440.106 Safari/537.36"
::1 - - [21/Aug/2018:12:14:02 +0000] "POST /api/auth/queryAuthItem HTTP/1.1" 200 3269 "http://localhost:8080/omp/sys/authority" "Mozilla/5.0 (Windows NT 6.1; WOW64) AppleWebKit/537.36 (KHTML, like Gecko) Chrome/68.0.3440.106 Safari/537.36"
::1 - GET /api/adminCenter/logout?sessionId=QO6CjyYwMhgrMkV19vrBX1fI0SRlw_t8&timestamp=1534855905319 HTTP/1.1 404 161 - 7.876 ms
::1 - GET /api/adminCenter/logout?sessionId=QO6CjyYwMhgrMkV19vrBX1fI0SRlw_t8&timestamp=1534855924631 HTTP/1.1 404 161 - 2.140 ms
::1 - GET /api/adminUser/getTmpQrcode?platformType=3&qrcodeType=TMPQRCODE_LOGIN_SESSIONID&expireSeconds=6000&appAccountId=0&sessionId=QO6CjyYwMhgrMkV19vrBX1fI0SRlw_t8&timestamp=1534855961002 HTTP/1.1 404 165 - 1.277 ms
::1 - GET /api/adminUser/getSession?sessionId=QO6CjyYwMhgrMkV19vrBX1fI0SRlw_t8&timestamp=1534855962005 HTTP/1.1 404 163 - 1.895 ms
::1 - GET /api/adminUser/getTmpQrcode?platformType=3&qrcodeType=TMPQRCODE_LOGIN_SESSIONID&expireSeconds=6000&appAccountId=0&sessionId=QO6CjyYwMhgrMkV19vrBX1fI0SRlw_t8&timestamp=1534856042638 HTTP/1.1 404 165 - 1.010 ms
::1 - GET /api/adminUser/getSession?sessionId=QO6CjyYwMhgrMkV19vrBX1fI0SRlw_t8&timestamp=1534856043640 HTTP/1.1 404 163 - 4.642 ms
::1 - GET /api/adminUser/getTmpQrcode?platformType=3&qrcodeType=TMPQRCODE_LOGIN_SESSIONID&expireSeconds=6000&appAccountId=0&sessionId=QO6CjyYwMhgrMkV19vrBX1fI0SRlw_t8&timestamp=1534856083402 HTTP/1.1 404 165 - 0.645 ms
::1 - GET /api/adminUser/getSession?sessionId=QO6CjyYwMhgrMkV19vrBX1fI0SRlw_t8&timestamp=1534856084405 HTTP/1.1 404 163 - 2.493 ms
::1 - GET /api/adminUser/getTmpQrcode?platformType=3&qrcodeType=TMPQRCODE_LOGIN_SESSIONID&expireSeconds=6000&appAccountId=0&sessionId=QO6CjyYwMhgrMkV19vrBX1fI0SRlw_t8&timestamp=1534856149575 HTTP/1.1 404 165 - 7.743 ms
::1 - GET /api/adminUser/getSession?sessionId=QO6CjyYwMhgrMkV19vrBX1fI0SRlw_t8&timestamp=1534856150577 HTTP/1.1 404 163 - 1.839 ms
::1 - GET /api/adminUser/getTmpQrcode?platformType=3&qrcodeType=TMPQRCODE_LOGIN_SESSIONID&expireSeconds=6000&appAccountId=0&sessionId=QO6CjyYwMhgrMkV19vrBX1fI0SRlw_t8&timestamp=1534856197540 HTTP/1.1 404 165 - 1.367 ms
::1 - GET /api/adminUser/getSession?sessionId=QO6CjyYwMhgrMkV19vrBX1fI0SRlw_t8&timestamp=1534856198543 HTTP/1.1 404 163 - 1.238 ms
::1 - GET /api/adminUser/getTmpQrcode?platformType=3&qrcodeType=TMPQRCODE_LOGIN_SESSIONID&expireSeconds=6000&appAccountId=0&sessionId=QO6CjyYwMhgrMkV19vrBX1fI0SRlw_t8&timestamp=1534856359453 HTTP/1.1 200 265 - 1235.322 ms
::1 - GET /api/adminUser/getSession?sessionId=QO6CjyYwMhgrMkV19vrBX1fI0SRlw_t8&timestamp=1534856360457 HTTP/1.1 200 1469 - 364.163 ms
::1 - GET /api/adminCenter/getUserCorpAuthMulti?sessionId=QO6CjyYwMhgrMkV19vrBX1fI0SRlw_t8&timestamp=1534856360916 HTTP/1.1 200 764 - 611.051 ms
::1 - GET /getSessionId?timestamp=1534857612259 HTTP/1.1 200 48 - 6.404 ms
::1 - GET /api/adminUser/getTmpQrcode?platformType=3&qrcodeType=TMPQRCODE_LOGIN_SESSIONID&expireSeconds=6000&appAccountId=0&sessionId=eknwMCafJojWwr6xUaQQ-DlidrTEXDHB&timestamp=1534857747242 HTTP/1.1 200 265 - 856.393 ms
::1 - GET /api/adminUser/getSession?sessionId=eknwMCafJojWwr6xUaQQ-DlidrTEXDHB&timestamp=1534857748244 HTTP/1.1 200 65 - 248.915 ms
::1 - GET /getSessionId?sessionId=eknwMCafJojWwr6xUaQQ-DlidrTEXDHB&timestamp=1534857748505 HTTP/1.1 200 48 - 2.177 ms
::1 - GET /api/adminUser/getSession?sessionId=eknwMCafJojWwr6xUaQQ-DlidrTEXDHB&timestamp=1534857749245 HTTP/1.1 200 65 - 210.620 ms
::1 - GET /getSessionId?sessionId=eknwMCafJojWwr6xUaQQ-DlidrTEXDHB&timestamp=1534857749465 HTTP/1.1 200 48 - 1.063 ms
::1 - GET /api/adminUser/getSession?sessionId=eknwMCafJojWwr6xUaQQ-DlidrTEXDHB&timestamp=1534857750244 HTTP/1.1 200 65 - 150.121 ms
::1 - GET /getSessionId?sessionId=eknwMCafJojWwr6xUaQQ-DlidrTEXDHB&timestamp=1534857750405 HTTP/1.1 200 48 - 1.333 ms
::1 - GET /api/adminUser/getSession?sessionId=eknwMCafJojWwr6xUaQQ-DlidrTEXDHB&timestamp=1534857751245 HTTP/1.1 200 65 - 215.877 ms
::1 - GET /getSessionId?sessionId=eknwMCafJojWwr6xUaQQ-DlidrTEXDHB&timestamp=1534857751470 HTTP/1.1 200 48 - 1.893 ms
::1 - GET /api/adminUser/getSession?sessionId=eknwMCafJojWwr6xUaQQ-DlidrTEXDHB&timestamp=1534857752245 HTTP/1.1 200 65 - 83.229 ms
::1 - GET /getSessionId?sessionId=eknwMCafJojWwr6xUaQQ-DlidrTEXDHB&timestamp=1534857752332 HTTP/1.1 200 48 - 0.539 ms
::1 - GET /api/adminUser/getSession?sessionId=eknwMCafJojWwr6xUaQQ-DlidrTEXDHB&timestamp=1534857753245 HTTP/1.1 200 65 - 236.802 ms
::1 - GET /getSessionId?sessionId=eknwMCafJojWwr6xUaQQ-DlidrTEXDHB&timestamp=1534857753487 HTTP/1.1 200 48 - 0.633 ms
::1 - GET /api/adminUser/getSession?sessionId=eknwMCafJojWwr6xUaQQ-DlidrTEXDHB&timestamp=1534857754245 HTTP/1.1 200 65 - 81.746 ms
::1 - GET /getSessionId?sessionId=eknwMCafJojWwr6xUaQQ-DlidrTEXDHB&timestamp=1534857754333 HTTP/1.1 200 48 - 0.713 ms
::1 - GET /api/adminUser/getSession?sessionId=eknwMCafJojWwr6xUaQQ-DlidrTEXDHB&timestamp=1534857755246 HTTP/1.1 200 65 - 92.868 ms
::1 - GET /getSessionId?sessionId=eknwMCafJojWwr6xUaQQ-DlidrTEXDHB&timestamp=1534857755348 HTTP/1.1 200 48 - 0.857 ms
::1 - GET /api/adminUser/getSession?sessionId=eknwMCafJojWwr6xUaQQ-DlidrTEXDHB&timestamp=1534857756246 HTTP/1.1 200 65 - 223.085 ms
::1 - GET /getSessionId?sessionId=eknwMCafJojWwr6xUaQQ-DlidrTEXDHB&timestamp=1534857756486 HTTP/1.1 200 48 - 1.895 ms
::1 - GET /api/adminUser/getSession?sessionId=eknwMCafJojWwr6xUaQQ-DlidrTEXDHB&timestamp=1534857757244 HTTP/1.1 200 1469 - 105.643 ms
::1 - GET /api/adminCenter/getUserCorpAuthMulti?sessionId=eknwMCafJojWwr6xUaQQ-DlidrTEXDHB&timestamp=1534857757428 HTTP/1.1 200 764 - 113.615 ms
::1 - GET /api/adminCenter/logout?sessionId=eknwMCafJojWwr6xUaQQ-DlidrTEXDHB&timestamp=1534857762678 HTTP/1.1 200 42 - 379.665 ms
::1 - GET /api/adminUser/getTmpQrcode?platformType=3&qrcodeType=TMPQRCODE_LOGIN_SESSIONID&expireSeconds=6000&appAccountId=0&sessionId=eknwMCafJojWwr6xUaQQ-DlidrTEXDHB&timestamp=1534857763070 HTTP/1.1 200 265 - 1389.470 ms
::1 - GET /api/adminUser/getSession?sessionId=eknwMCafJojWwr6xUaQQ-DlidrTEXDHB&timestamp=1534857764072 HTTP/1.1 200 65 - 604.334 ms
::1 - GET /getSessionId?sessionId=eknwMCafJojWwr6xUaQQ-DlidrTEXDHB&timestamp=1534857764683 HTTP/1.1 200 48 - 0.894 ms
::1 - GET /api/adminUser/getSession?sessionId=eknwMCafJojWwr6xUaQQ-DlidrTEXDHB&timestamp=1534857765072 HTTP/1.1 200 65 - 226.289 ms
::1 - GET /getSessionId?sessionId=eknwMCafJojWwr6xUaQQ-DlidrTEXDHB&timestamp=1534857765312 HTTP/1.1 200 48 - 1.072 ms
::1 - GET /api/adminUser/getSession?sessionId=eknwMCafJojWwr6xUaQQ-DlidrTEXDHB&timestamp=1534857766071 HTTP/1.1 200 65 - 309.562 ms
::1 - GET /getSessionId?sessionId=eknwMCafJojWwr6xUaQQ-DlidrTEXDHB&timestamp=1534857766385 HTTP/1.1 200 48 - 0.558 ms
::1 - GET /api/adminUser/getSession?sessionId=eknwMCafJojWwr6xUaQQ-DlidrTEXDHB&timestamp=1534857767071 HTTP/1.1 200 65 - 145.675 ms
::1 - GET /getSessionId?sessionId=eknwMCafJojWwr6xUaQQ-DlidrTEXDHB&timestamp=1534857767223 HTTP/1.1 200 48 - 1.153 ms
::1 - GET /api/adminUser/getSession?sessionId=eknwMCafJojWwr6xUaQQ-DlidrTEXDHB&timestamp=1534857768071 HTTP/1.1 200 65 - 203.039 ms
::1 - GET /getSessionId?sessionId=eknwMCafJojWwr6xUaQQ-DlidrTEXDHB&timestamp=1534857768285 HTTP/1.1 200 48 - 1.661 ms
::1 - GET /api/adminUser/getSession?sessionId=eknwMCafJojWwr6xUaQQ-DlidrTEXDHB&timestamp=1534857769071 HTTP/1.1 200 65 - 309.579 ms
::1 - GET /getSessionId?sessionId=eknwMCafJojWwr6xUaQQ-DlidrTEXDHB&timestamp=1534857769390 HTTP/1.1 200 48 - 3.534 ms
::1 - GET /api/adminUser/getSession?sessionId=eknwMCafJojWwr6xUaQQ-DlidrTEXDHB&timestamp=1534857770071 HTTP/1.1 200 65 - 225.500 ms
::1 - GET /getSessionId?sessionId=eknwMCafJojWwr6xUaQQ-DlidrTEXDHB&timestamp=1534857770305 HTTP/1.1 200 48 - 1.184 ms
::1 - GET /api/adminUser/getSession?sessionId=eknwMCafJojWwr6xUaQQ-DlidrTEXDHB&timestamp=1534857771072 HTTP/1.1 200 65 - 88.008 ms
::1 - GET /getSessionId?sessionId=eknwMCafJojWwr6xUaQQ-DlidrTEXDHB&timestamp=1534857771170 HTTP/1.1 200 48 - 0.752 ms
::1 - GET /api/adminUser/getSession?sessionId=eknwMCafJojWwr6xUaQQ-DlidrTEXDHB&timestamp=1534857772073 HTTP/1.1 200 65 - 174.995 ms
::1 - GET /getSessionId?sessionId=eknwMCafJojWwr6xUaQQ-DlidrTEXDHB&timestamp=1534857772256 HTTP/1.1 200 48 - 0.663 ms
::1 - GET /api/adminUser/getSession?sessionId=eknwMCafJojWwr6xUaQQ-DlidrTEXDHB&timestamp=1534857773072 HTTP/1.1 200 65 - 588.835 ms
::1 - GET /getSessionId?sessionId=eknwMCafJojWwr6xUaQQ-DlidrTEXDHB&timestamp=1534857773670 HTTP/1.1 200 48 - 1.243 ms
::1 - GET /api/adminUser/getSession?sessionId=eknwMCafJojWwr6xUaQQ-DlidrTEXDHB&timestamp=1534857774073 HTTP/1.1 200 65 - 278.220 ms
::1 - GET /getSessionId?sessionId=eknwMCafJojWwr6xUaQQ-DlidrTEXDHB&timestamp=1534857774361 HTTP/1.1 200 48 - 2.727 ms
::1 - GET /api/adminUser/getSession?sessionId=eknwMCafJojWwr6xUaQQ-DlidrTEXDHB&timestamp=1534857775071 HTTP/1.1 200 65 - 205.026 ms
::1 - GET /getSessionId?sessionId=eknwMCafJojWwr6xUaQQ-DlidrTEXDHB&timestamp=1534857775289 HTTP/1.1 200 48 - 1.630 ms
::1 - GET /api/adminUser/getSession?sessionId=eknwMCafJojWwr6xUaQQ-DlidrTEXDHB&timestamp=1534857776073 HTTP/1.1 200 65 - 236.313 ms
::1 - GET /getSessionId?sessionId=eknwMCafJojWwr6xUaQQ-DlidrTEXDHB&timestamp=1534857776329 HTTP/1.1 200 48 - 1.617 ms
::1 - GET /api/adminUser/getSession?sessionId=eknwMCafJojWwr6xUaQQ-DlidrTEXDHB&timestamp=1534857777071 HTTP/1.1 200 65 - 203.474 ms
::1 - GET /getSessionId?sessionId=eknwMCafJojWwr6xUaQQ-DlidrTEXDHB&timestamp=1534857777281 HTTP/1.1 200 48 - 0.572 ms
::1 - GET /api/adminUser/getSession?sessionId=eknwMCafJojWwr6xUaQQ-DlidrTEXDHB&timestamp=1534857778071 HTTP/1.1 200 65 - 203.519 ms
::1 - GET /getSessionId?sessionId=eknwMCafJojWwr6xUaQQ-DlidrTEXDHB&timestamp=1534857778285 HTTP/1.1 200 48 - 1.327 ms
::1 - GET /api/adminUser/getSession?sessionId=eknwMCafJojWwr6xUaQQ-DlidrTEXDHB&timestamp=1534857779073 HTTP/1.1 200 65 - 244.925 ms
::1 - GET /getSessionId?sessionId=eknwMCafJojWwr6xUaQQ-DlidrTEXDHB&timestamp=1534857779324 HTTP/1.1 200 48 - 1.171 ms
::1 - GET /api/adminUser/getSession?sessionId=eknwMCafJojWwr6xUaQQ-DlidrTEXDHB&timestamp=1534857780071 HTTP/1.1 200 65 - 704.303 ms
::1 - GET /getSessionId?sessionId=eknwMCafJojWwr6xUaQQ-DlidrTEXDHB&timestamp=1534857780786 HTTP/1.1 200 48 - 1.512 ms
::1 - GET /api/adminUser/getSession?sessionId=eknwMCafJojWwr6xUaQQ-DlidrTEXDHB&timestamp=1534857781072 HTTP/1.1 200 65 - 218.731 ms
::1 - GET /getSessionId?sessionId=eknwMCafJojWwr6xUaQQ-DlidrTEXDHB&timestamp=1534857781303 HTTP/1.1 200 48 - 1.708 ms
::1 - GET /api/adminUser/getSession?sessionId=eknwMCafJojWwr6xUaQQ-DlidrTEXDHB&timestamp=1534857782071 HTTP/1.1 200 65 - 224.079 ms
::1 - GET /getSessionId?sessionId=eknwMCafJojWwr6xUaQQ-DlidrTEXDHB&timestamp=1534857782306 HTTP/1.1 200 48 - 1.924 ms
::1 - GET /api/adminUser/getSession?sessionId=eknwMCafJojWwr6xUaQQ-DlidrTEXDHB&timestamp=1534857783071 HTTP/1.1 200 65 - 210.612 ms
::1 - GET /getSessionId?sessionId=eknwMCafJojWwr6xUaQQ-DlidrTEXDHB&timestamp=1534857783293 HTTP/1.1 200 48 - 1.011 ms
::1 - GET /api/adminUser/getSession?sessionId=eknwMCafJojWwr6xUaQQ-DlidrTEXDHB&timestamp=1534857784071 HTTP/1.1 200 65 - 551.969 ms
::1 - GET /getSessionId?sessionId=eknwMCafJojWwr6xUaQQ-DlidrTEXDHB&timestamp=1534857784636 HTTP/1.1 200 48 - 1.581 ms
::1 - GET /api/adminUser/getSession?sessionId=eknwMCafJojWwr6xUaQQ-DlidrTEXDHB&timestamp=1534857785073 HTTP/1.1 200 65 - 518.871 ms
::1 - GET /getSessionId?sessionId=eknwMCafJojWwr6xUaQQ-DlidrTEXDHB&timestamp=1534857785602 HTTP/1.1 200 48 - 1.028 ms
::1 - GET /api/adminUser/getSession?sessionId=eknwMCafJojWwr6xUaQQ-DlidrTEXDHB&timestamp=1534857786072 HTTP/1.1 200 65 - 210.711 ms
::1 - GET /getSessionId?sessionId=eknwMCafJojWwr6xUaQQ-DlidrTEXDHB&timestamp=1534857786292 HTTP/1.1 200 48 - 0.995 ms
::1 - GET /api/adminUser/getSession?sessionId=eknwMCafJojWwr6xUaQQ-DlidrTEXDHB&timestamp=1534857787072 HTTP/1.1 200 65 - 232.994 ms
::1 - GET /getSessionId?sessionId=eknwMCafJojWwr6xUaQQ-DlidrTEXDHB&timestamp=1534857787316 HTTP/1.1 200 48 - 1.281 ms
::1 - GET /api/adminUser/getSession?sessionId=eknwMCafJojWwr6xUaQQ-DlidrTEXDHB&timestamp=1534857788072 HTTP/1.1 200 65 - 284.804 ms
::1 - GET /getSessionId?sessionId=eknwMCafJojWwr6xUaQQ-DlidrTEXDHB&timestamp=1534857788364 HTTP/1.1 200 48 - 0.566 ms
::1 - GET /api/adminUser/getSession?sessionId=eknwMCafJojWwr6xUaQQ-DlidrTEXDHB&timestamp=1534857789072 HTTP/1.1 200 65 - 233.687 ms
::1 - GET /getSessionId?sessionId=eknwMCafJojWwr6xUaQQ-DlidrTEXDHB&timestamp=1534857789316 HTTP/1.1 200 48 - 1.028 ms
::1 - GET /api/adminUser/getSession?sessionId=eknwMCafJojWwr6xUaQQ-DlidrTEXDHB&timestamp=1534857790070 HTTP/1.1 200 65 - 137.702 ms
::1 - GET /getSessionId?sessionId=eknwMCafJojWwr6xUaQQ-DlidrTEXDHB&timestamp=1534857790214 HTTP/1.1 200 48 - 0.648 ms
::1 - GET /api/adminUser/getSession?sessionId=eknwMCafJojWwr6xUaQQ-DlidrTEXDHB&timestamp=1534857791071 HTTP/1.1 200 65 - 207.624 ms
::1 - GET /getSessionId?sessionId=eknwMCafJojWwr6xUaQQ-DlidrTEXDHB&timestamp=1534857791287 HTTP/1.1 200 48 - 1.457 ms
::1 - GET /api/adminUser/getSession?sessionId=eknwMCafJojWwr6xUaQQ-DlidrTEXDHB&timestamp=1534857792071 HTTP/1.1 200 65 - 208.990 ms
::1 - GET /getSessionId?sessionId=eknwMCafJojWwr6xUaQQ-DlidrTEXDHB&timestamp=1534857792287 HTTP/1.1 200 48 - 0.654 ms
::1 - GET /api/adminUser/getSession?sessionId=eknwMCafJojWwr6xUaQQ-DlidrTEXDHB&timestamp=1534857793071 HTTP/1.1 200 65 - 86.822 ms
::1 - GET /getSessionId?sessionId=eknwMCafJojWwr6xUaQQ-DlidrTEXDHB&timestamp=1534857793166 HTTP/1.1 200 48 - 1.222 ms
::1 - GET /api/adminUser/getSession?sessionId=eknwMCafJojWwr6xUaQQ-DlidrTEXDHB&timestamp=1534857794072 HTTP/1.1 200 65 - 230.949 ms
::1 - GET /getSessionId?sessionId=eknwMCafJojWwr6xUaQQ-DlidrTEXDHB&timestamp=1534857794320 HTTP/1.1 200 48 - 1.722 ms
::1 - GET /api/adminUser/getSession?sessionId=eknwMCafJojWwr6xUaQQ-DlidrTEXDHB&timestamp=1534857795072 HTTP/1.1 200 65 - 214.554 ms
::1 - GET /getSessionId?sessionId=eknwMCafJojWwr6xUaQQ-DlidrTEXDHB&timestamp=1534857795296 HTTP/1.1 200 48 - 0.811 ms
::1 - GET /api/adminUser/getSession?sessionId=eknwMCafJojWwr6xUaQQ-DlidrTEXDHB&timestamp=1534857796071 HTTP/1.1 200 65 - 205.088 ms
::1 - GET /getSessionId?sessionId=eknwMCafJojWwr6xUaQQ-DlidrTEXDHB&timestamp=1534857796285 HTTP/1.1 200 48 - 1.154 ms
::1 - GET /api/adminUser/getSession?sessionId=eknwMCafJojWwr6xUaQQ-DlidrTEXDHB&timestamp=1534857797072 HTTP/1.1 200 65 - 706.863 ms
::1 - GET /getSessionId?sessionId=eknwMCafJojWwr6xUaQQ-DlidrTEXDHB&timestamp=1534857797788 HTTP/1.1 200 48 - 1.097 ms
::1 - GET /api/adminUser/getSession?sessionId=eknwMCafJojWwr6xUaQQ-DlidrTEXDHB&timestamp=1534857798072 HTTP/1.1 200 65 - 227.017 ms
::1 - GET /getSessionId?sessionId=eknwMCafJojWwr6xUaQQ-DlidrTEXDHB&timestamp=1534857798306 HTTP/1.1 200 48 - 1.038 ms
::1 - GET /api/adminUser/getSession?sessionId=eknwMCafJojWwr6xUaQQ-DlidrTEXDHB&timestamp=1534857799071 HTTP/1.1 200 65 - 222.413 ms
::1 - GET /getSessionId?sessionId=eknwMCafJojWwr6xUaQQ-DlidrTEXDHB&timestamp=1534857799302 HTTP/1.1 200 48 - 0.910 ms
::1 - GET /api/adminUser/getSession?sessionId=eknwMCafJojWwr6xUaQQ-DlidrTEXDHB&timestamp=1534857800072 HTTP/1.1 200 65 - 88.498 ms
::1 - GET /getSessionId?sessionId=eknwMCafJojWwr6xUaQQ-DlidrTEXDHB&timestamp=1534857800167 HTTP/1.1 200 48 - 0.549 ms
::1 - GET /api/adminUser/getSession?sessionId=eknwMCafJojWwr6xUaQQ-DlidrTEXDHB&timestamp=1534857801071 HTTP/1.1 200 65 - 107.250 ms
::1 - GET /getSessionId?sessionId=eknwMCafJojWwr6xUaQQ-DlidrTEXDHB&timestamp=1534857801186 HTTP/1.1 200 48 - 0.667 ms
::1 - GET /api/adminUser/getSession?sessionId=eknwMCafJojWwr6xUaQQ-DlidrTEXDHB&timestamp=1534857802072 HTTP/1.1 200 65 - 334.468 ms
::1 - GET /getSessionId?sessionId=eknwMCafJojWwr6xUaQQ-DlidrTEXDHB&timestamp=1534857802417 HTTP/1.1 200 48 - 1.569 ms
::1 - GET /api/adminUser/getSession?sessionId=eknwMCafJojWwr6xUaQQ-DlidrTEXDHB&timestamp=1534857803072 HTTP/1.1 200 65 - 188.294 ms
::1 - GET /getSessionId?sessionId=eknwMCafJojWwr6xUaQQ-DlidrTEXDHB&timestamp=1534857803272 HTTP/1.1 200 48 - 1.533 ms
::1 - GET /api/adminUser/getSession?sessionId=eknwMCafJojWwr6xUaQQ-DlidrTEXDHB&timestamp=1534857804072 HTTP/1.1 200 65 - 243.417 ms
::1 - GET /getSessionId?sessionId=eknwMCafJojWwr6xUaQQ-DlidrTEXDHB&timestamp=1534857804325 HTTP/1.1 200 48 - 1.113 ms
::1 - GET /api/adminUser/getSession?sessionId=eknwMCafJojWwr6xUaQQ-DlidrTEXDHB&timestamp=1534857805072 HTTP/1.1 200 65 - 204.650 ms
::1 - GET /getSessionId?sessionId=eknwMCafJojWwr6xUaQQ-DlidrTEXDHB&timestamp=1534857805285 HTTP/1.1 200 48 - 1.114 ms
::1 - GET /api/adminUser/getSession?sessionId=eknwMCafJojWwr6xUaQQ-DlidrTEXDHB&timestamp=1534857806073 HTTP/1.1 200 65 - 225.825 ms
::1 - GET /getSessionId?sessionId=eknwMCafJojWwr6xUaQQ-DlidrTEXDHB&timestamp=1534857806312 HTTP/1.1 200 48 - 1.512 ms
::1 - GET /api/adminUser/getSession?sessionId=eknwMCafJojWwr6xUaQQ-DlidrTEXDHB&timestamp=1534857807072 HTTP/1.1 200 65 - 207.630 ms
::1 - GET /getSessionId?sessionId=eknwMCafJojWwr6xUaQQ-DlidrTEXDHB&timestamp=1534857807287 HTTP/1.1 200 48 - 0.925 ms
::1 - GET /api/adminUser/getSession?sessionId=eknwMCafJojWwr6xUaQQ-DlidrTEXDHB&timestamp=1534857808074 HTTP/1.1 200 65 - 115.968 ms
::1 - GET /getSessionId?sessionId=eknwMCafJojWwr6xUaQQ-DlidrTEXDHB&timestamp=1534857808200 HTTP/1.1 200 48 - 1.102 ms
::1 - GET /api/adminUser/getSession?sessionId=eknwMCafJojWwr6xUaQQ-DlidrTEXDHB&timestamp=1534857809073 HTTP/1.1 200 65 - 233.814 ms
::1 - GET /getSessionId?sessionId=eknwMCafJojWwr6xUaQQ-DlidrTEXDHB&timestamp=1534857809317 HTTP/1.1 200 48 - 1.019 ms
::1 - GET /api/adminUser/getSession?sessionId=eknwMCafJojWwr6xUaQQ-DlidrTEXDHB&timestamp=1534857810074 HTTP/1.1 200 65 - 207.032 ms
::1 - GET /getSessionId?sessionId=eknwMCafJojWwr6xUaQQ-DlidrTEXDHB&timestamp=1534857810293 HTTP/1.1 200 48 - 1.545 ms
::1 - GET /api/adminUser/getSession?sessionId=eknwMCafJojWwr6xUaQQ-DlidrTEXDHB&timestamp=1534857811073 HTTP/1.1 200 65 - 458.372 ms
::1 - GET /getSessionId?sessionId=eknwMCafJojWwr6xUaQQ-DlidrTEXDHB&timestamp=1534857811547 HTTP/1.1 200 48 - 1.490 ms
::1 - GET /api/adminUser/getSession?sessionId=eknwMCafJojWwr6xUaQQ-DlidrTEXDHB&timestamp=1534857812073 HTTP/1.1 200 65 - 296.948 ms
::1 - GET /getSessionId?sessionId=eknwMCafJojWwr6xUaQQ-DlidrTEXDHB&timestamp=1534857812382 HTTP/1.1 200 48 - 2.024 ms
::1 - GET /api/adminUser/getSession?sessionId=eknwMCafJojWwr6xUaQQ-DlidrTEXDHB&timestamp=1534857813074 HTTP/1.1 200 1469 - 866.309 ms
::1 - GET /api/adminCenter/getUserCorpAuthMulti?sessionId=eknwMCafJojWwr6xUaQQ-DlidrTEXDHB&timestamp=1534857813980 HTTP/1.1 200 764 - 132.501 ms
::1 - GET /api/adminCenter/logout?sessionId=eknwMCafJojWwr6xUaQQ-DlidrTEXDHB&timestamp=1534857821934 HTTP/1.1 200 42 - 520.752 ms
::1 - GET /api/adminUser/getTmpQrcode?platformType=3&qrcodeType=TMPQRCODE_LOGIN_SESSIONID&expireSeconds=6000&appAccountId=0&sessionId=eknwMCafJojWwr6xUaQQ-DlidrTEXDHB&timestamp=1534857822483 HTTP/1.1 200 265 - 902.873 ms
::1 - GET /api/adminUser/getSession?sessionId=eknwMCafJojWwr6xUaQQ-DlidrTEXDHB&timestamp=1534857823485 HTTP/1.1 200 65 - 80.175 ms
::1 - GET /getSessionId?sessionId=eknwMCafJojWwr6xUaQQ-DlidrTEXDHB&timestamp=1534857823589 HTTP/1.1 200 48 - 0.602 ms
::1 - GET /api/adminUser/getSession?sessionId=eknwMCafJojWwr6xUaQQ-DlidrTEXDHB&timestamp=1534857824487 HTTP/1.1 200 65 - 80.852 ms
::1 - GET /getSessionId?sessionId=eknwMCafJojWwr6xUaQQ-DlidrTEXDHB&timestamp=1534857824576 HTTP/1.1 200 48 - 0.491 ms
::1 - GET /api/adminUser/getSession?sessionId=eknwMCafJojWwr6xUaQQ-DlidrTEXDHB&timestamp=1534857825486 HTTP/1.1 200 65 - 173.458 ms
::1 - GET /getSessionId?sessionId=eknwMCafJojWwr6xUaQQ-DlidrTEXDHB&timestamp=1534857825672 HTTP/1.1 200 48 - 4.198 ms
::1 - GET /api/adminUser/getSession?sessionId=eknwMCafJojWwr6xUaQQ-DlidrTEXDHB&timestamp=1534857826486 HTTP/1.1 200 65 - 277.036 ms
::1 - GET /getSessionId?sessionId=eknwMCafJojWwr6xUaQQ-DlidrTEXDHB&timestamp=1534857826776 HTTP/1.1 200 48 - 1.666 ms
::1 - GET /api/adminUser/getSession?sessionId=eknwMCafJojWwr6xUaQQ-DlidrTEXDHB&timestamp=1534857827485 HTTP/1.1 200 65 - 353.688 ms
::1 - GET /getSessionId?sessionId=eknwMCafJojWwr6xUaQQ-DlidrTEXDHB&timestamp=1534857827851 HTTP/1.1 200 48 - 1.597 ms
::1 - GET /api/adminUser/getTmpQrcode?platformType=3&qrcodeType=TMPQRCODE_LOGIN_SESSIONID&expireSeconds=6000&appAccountId=0&sessionId=eknwMCafJojWwr6xUaQQ-DlidrTEXDHB&timestamp=1534857829422 HTTP/1.1 200 265 - 755.850 ms
::1 - GET /api/adminUser/getSession?sessionId=eknwMCafJojWwr6xUaQQ-DlidrTEXDHB&timestamp=1534857830424 HTTP/1.1 200 65 - 317.914 ms
::1 - GET /getSessionId?sessionId=eknwMCafJojWwr6xUaQQ-DlidrTEXDHB&timestamp=1534857830754 HTTP/1.1 200 48 - 1.125 ms
::1 - GET /api/adminUser/getSession?sessionId=eknwMCafJojWwr6xUaQQ-DlidrTEXDHB&timestamp=1534857831426 HTTP/1.1 200 65 - 242.108 ms
::1 - GET /getSessionId?sessionId=eknwMCafJojWwr6xUaQQ-DlidrTEXDHB&timestamp=1534857831677 HTTP/1.1 200 48 - 0.879 ms
::1 - GET /api/adminUser/getSession?sessionId=eknwMCafJojWwr6xUaQQ-DlidrTEXDHB&timestamp=1534857832424 HTTP/1.1 200 65 - 128.785 ms
::1 - GET /getSessionId?sessionId=eknwMCafJojWwr6xUaQQ-DlidrTEXDHB&timestamp=1534857832563 HTTP/1.1 200 48 - 1.158 ms
::1 - GET /api/adminUser/getSession?sessionId=eknwMCafJojWwr6xUaQQ-DlidrTEXDHB&timestamp=1534857833424 HTTP/1.1 200 65 - 155.145 ms
::1 - GET /getSessionId?sessionId=eknwMCafJojWwr6xUaQQ-DlidrTEXDHB&timestamp=1534857833593 HTTP/1.1 200 48 - 1.489 ms
::1 - GET /api/adminUser/getSession?sessionId=eknwMCafJojWwr6xUaQQ-DlidrTEXDHB&timestamp=1534857834424 HTTP/1.1 200 65 - 225.990 ms
::1 - GET /getSessionId?sessionId=eknwMCafJojWwr6xUaQQ-DlidrTEXDHB&timestamp=1534857834658 HTTP/1.1 200 48 - 1.095 ms
::1 - GET /api/adminUser/getSession?sessionId=eknwMCafJojWwr6xUaQQ-DlidrTEXDHB&timestamp=1534857835424 HTTP/1.1 200 65 - 323.676 ms
::1 - GET /getSessionId?sessionId=eknwMCafJojWwr6xUaQQ-DlidrTEXDHB&timestamp=1534857835760 HTTP/1.1 200 48 - 1.643 ms
::1 - GET /api/adminUser/getSession?sessionId=eknwMCafJojWwr6xUaQQ-DlidrTEXDHB&timestamp=1534857836424 HTTP/1.1 200 65 - 363.272 ms
::1 - GET /getSessionId?sessionId=eknwMCafJojWwr6xUaQQ-DlidrTEXDHB&timestamp=1534857836798 HTTP/1.1 200 48 - 1.548 ms
::1 - GET /api/adminUser/getSession?sessionId=eknwMCafJojWwr6xUaQQ-DlidrTEXDHB&timestamp=1534857837425 HTTP/1.1 200 65 - 94.295 ms
::1 - GET /getSessionId?sessionId=eknwMCafJojWwr6xUaQQ-DlidrTEXDHB&timestamp=1534857837527 HTTP/1.1 200 48 - 0.715 ms
::1 - GET /api/adminUser/getSession?sessionId=eknwMCafJojWwr6xUaQQ-DlidrTEXDHB&timestamp=1534857838426 HTTP/1.1 200 65 - 83.160 ms
::1 - GET /getSessionId?sessionId=eknwMCafJojWwr6xUaQQ-DlidrTEXDHB&timestamp=1534857838525 HTTP/1.1 200 48 - 0.603 ms
::1 - GET /api/adminUser/getSession?sessionId=eknwMCafJojWwr6xUaQQ-DlidrTEXDHB&timestamp=1534857839424 HTTP/1.1 200 65 - 250.730 ms
::1 - GET /getSessionId?sessionId=eknwMCafJojWwr6xUaQQ-DlidrTEXDHB&timestamp=1534857839688 HTTP/1.1 200 48 - 1.572 ms
::1 - GET /api/adminUser/getSession?sessionId=eknwMCafJojWwr6xUaQQ-DlidrTEXDHB&timestamp=1534857840424 HTTP/1.1 200 65 - 472.502 ms
::1 - GET /getSessionId?sessionId=eknwMCafJojWwr6xUaQQ-DlidrTEXDHB&timestamp=1534857840910 HTTP/1.1 200 48 - 1.513 ms
::1 - GET /api/adminUser/getSession?sessionId=eknwMCafJojWwr6xUaQQ-DlidrTEXDHB&timestamp=1534857841424 HTTP/1.1 200 65 - 85.633 ms
::1 - GET /getSessionId?sessionId=eknwMCafJojWwr6xUaQQ-DlidrTEXDHB&timestamp=1534857841515 HTTP/1.1 200 48 - 0.591 ms
::1 - GET /api/adminUser/getSession?sessionId=eknwMCafJojWwr6xUaQQ-DlidrTEXDHB&timestamp=1534857842424 HTTP/1.1 200 65 - 143.352 ms
::1 - GET /getSessionId?sessionId=eknwMCafJojWwr6xUaQQ-DlidrTEXDHB&timestamp=1534857842580 HTTP/1.1 200 48 - 1.558 ms
::1 - GET /api/adminUser/getSession?sessionId=eknwMCafJojWwr6xUaQQ-DlidrTEXDHB&timestamp=1534857843424 HTTP/1.1 200 65 - 503.216 ms
::1 - GET /getSessionId?sessionId=eknwMCafJojWwr6xUaQQ-DlidrTEXDHB&timestamp=1534857843942 HTTP/1.1 200 48 - 1.544 ms
::1 - GET /api/adminUser/getSession?sessionId=eknwMCafJojWwr6xUaQQ-DlidrTEXDHB&timestamp=1534857844426 HTTP/1.1 200 65 - 136.891 ms
::1 - GET /getSessionId?sessionId=eknwMCafJojWwr6xUaQQ-DlidrTEXDHB&timestamp=1534857844570 HTTP/1.1 200 48 - 0.594 ms
::1 - GET /api/adminUser/getSession?sessionId=eknwMCafJojWwr6xUaQQ-DlidrTEXDHB&timestamp=1534857845425 HTTP/1.1 200 1469 - 168.929 ms
::1 - GET /api/adminCenter/getUserCorpAuthMulti?sessionId=eknwMCafJojWwr6xUaQQ-DlidrTEXDHB&timestamp=1534857845971 HTTP/1.1 200 764 - 385.071 ms
::1 - GET /api/adminCenter/logout?sessionId=eknwMCafJojWwr6xUaQQ-DlidrTEXDHB&timestamp=1534857851359 HTTP/1.1 200 42 - 475.004 ms
::1 - GET /api/adminUser/getTmpQrcode?platformType=3&qrcodeType=TMPQRCODE_LOGIN_SESSIONID&expireSeconds=6000&appAccountId=0&sessionId=eknwMCafJojWwr6xUaQQ-DlidrTEXDHB&timestamp=1534857851875 HTTP/1.1 200 265 - 745.957 ms
::1 - GET /api/adminUser/getSession?sessionId=eknwMCafJojWwr6xUaQQ-DlidrTEXDHB&timestamp=1534857852877 HTTP/1.1 200 65 - 413.818 ms
::1 - GET /getSessionId?sessionId=eknwMCafJojWwr6xUaQQ-DlidrTEXDHB&timestamp=1534857853306 HTTP/1.1 200 48 - 0.600 ms
::1 - GET /api/adminUser/getSession?sessionId=eknwMCafJojWwr6xUaQQ-DlidrTEXDHB&timestamp=1534857853879 HTTP/1.1 200 65 - 287.667 ms
::1 - GET /getSessionId?sessionId=eknwMCafJojWwr6xUaQQ-DlidrTEXDHB&timestamp=1534857854176 HTTP/1.1 200 48 - 0.976 ms
::1 - GET /api/adminUser/getSession?sessionId=eknwMCafJojWwr6xUaQQ-DlidrTEXDHB&timestamp=1534857854877 HTTP/1.1 200 65 - 213.729 ms
::1 - GET /getSessionId?sessionId=eknwMCafJojWwr6xUaQQ-DlidrTEXDHB&timestamp=1534857855098 HTTP/1.1 200 48 - 0.974 ms
::1 - GET /api/adminUser/getSession?sessionId=eknwMCafJojWwr6xUaQQ-DlidrTEXDHB&timestamp=1534857855877 HTTP/1.1 200 65 - 89.646 ms
::1 - GET /getSessionId?sessionId=eknwMCafJojWwr6xUaQQ-DlidrTEXDHB&timestamp=1534857855976 HTTP/1.1 200 48 - 0.790 ms
::1 - GET /api/adminUser/getSession?sessionId=eknwMCafJojWwr6xUaQQ-DlidrTEXDHB&timestamp=1534857856878 HTTP/1.1 200 65 - 85.360 ms
::1 - GET /getSessionId?sessionId=eknwMCafJojWwr6xUaQQ-DlidrTEXDHB&timestamp=1534857856971 HTTP/1.1 200 48 - 0.723 ms
::1 - GET /api/adminUser/getSession?sessionId=eknwMCafJojWwr6xUaQQ-DlidrTEXDHB&timestamp=1534857857879 HTTP/1.1 200 65 - 90.361 ms
::1 - GET /getSessionId?sessionId=eknwMCafJojWwr6xUaQQ-DlidrTEXDHB&timestamp=1534857857978 HTTP/1.1 200 48 - 0.756 ms
::1 - GET /api/adminUser/getSession?sessionId=eknwMCafJojWwr6xUaQQ-DlidrTEXDHB&timestamp=1534857858877 HTTP/1.1 200 65 - 84.385 ms
::1 - GET /getSessionId?sessionId=eknwMCafJojWwr6xUaQQ-DlidrTEXDHB&timestamp=1534857858970 HTTP/1.1 200 48 - 0.971 ms
::1 - GET /api/adminUser/getSession?sessionId=eknwMCafJojWwr6xUaQQ-DlidrTEXDHB&timestamp=1534857859877 HTTP/1.1 200 65 - 239.786 ms
::1 - GET /getSessionId?sessionId=eknwMCafJojWwr6xUaQQ-DlidrTEXDHB&timestamp=1534857860128 HTTP/1.1 200 48 - 1.576 ms
::1 - GET /api/adminUser/getSession?sessionId=eknwMCafJojWwr6xUaQQ-DlidrTEXDHB&timestamp=1534857860877 HTTP/1.1 200 65 - 86.334 ms
::1 - GET /getSessionId?sessionId=eknwMCafJojWwr6xUaQQ-DlidrTEXDHB&timestamp=1534857860970 HTTP/1.1 200 48 - 0.803 ms
::1 - GET /api/adminUser/getSession?sessionId=eknwMCafJojWwr6xUaQQ-DlidrTEXDHB&timestamp=1534857861878 HTTP/1.1 200 65 - 91.889 ms
::1 - GET /getSessionId?sessionId=eknwMCafJojWwr6xUaQQ-DlidrTEXDHB&timestamp=1534857861979 HTTP/1.1 200 48 - 0.785 ms
::1 - GET /api/adminUser/getSession?sessionId=eknwMCafJojWwr6xUaQQ-DlidrTEXDHB&timestamp=1534857862877 HTTP/1.1 200 65 - 83.740 ms
::1 - GET /getSessionId?sessionId=eknwMCafJojWwr6xUaQQ-DlidrTEXDHB&timestamp=1534857862968 HTTP/1.1 200 48 - 0.798 ms
::1 - GET /api/adminUser/getSession?sessionId=eknwMCafJojWwr6xUaQQ-DlidrTEXDHB&timestamp=1534857863877 HTTP/1.1 200 65 - 86.334 ms
::1 - GET /getSessionId?sessionId=eknwMCafJojWwr6xUaQQ-DlidrTEXDHB&timestamp=1534857863973 HTTP/1.1 200 48 - 0.863 ms
::1 - GET /api/adminUser/getSession?sessionId=eknwMCafJojWwr6xUaQQ-DlidrTEXDHB&timestamp=1534857864877 HTTP/1.1 200 65 - 89.447 ms
::1 - GET /getSessionId?sessionId=eknwMCafJojWwr6xUaQQ-DlidrTEXDHB&timestamp=1534857864980 HTTP/1.1 200 48 - 0.840 ms
::1 - GET /api/adminUser/getSession?sessionId=eknwMCafJojWwr6xUaQQ-DlidrTEXDHB&timestamp=1534857865877 HTTP/1.1 200 65 - 200.871 ms
::1 - GET /getSessionId?sessionId=eknwMCafJojWwr6xUaQQ-DlidrTEXDHB&timestamp=1534857866087 HTTP/1.1 200 48 - 0.948 ms
::1 - GET /api/adminUser/getSession?sessionId=eknwMCafJojWwr6xUaQQ-DlidrTEXDHB&timestamp=1534857866877 HTTP/1.1 200 65 - 217.107 ms
::1 - GET /getSessionId?sessionId=eknwMCafJojWwr6xUaQQ-DlidrTEXDHB&timestamp=1534857867104 HTTP/1.1 200 48 - 1.493 ms
::1 - GET /api/adminUser/getSession?sessionId=eknwMCafJojWwr6xUaQQ-DlidrTEXDHB&timestamp=1534857867877 HTTP/1.1 200 65 - 87.108 ms
::1 - GET /getSessionId?sessionId=eknwMCafJojWwr6xUaQQ-DlidrTEXDHB&timestamp=1534857867970 HTTP/1.1 200 48 - 0.713 ms
::1 - GET /api/adminUser/getSession?sessionId=eknwMCafJojWwr6xUaQQ-DlidrTEXDHB&timestamp=1534857868878 HTTP/1.1 200 65 - 196.459 ms
::1 - GET /getSessionId?sessionId=eknwMCafJojWwr6xUaQQ-DlidrTEXDHB&timestamp=1534857869086 HTTP/1.1 200 48 - 1.296 ms
::1 - GET /api/adminUser/getSession?sessionId=eknwMCafJojWwr6xUaQQ-DlidrTEXDHB&timestamp=1534857869877 HTTP/1.1 200 65 - 82.419 ms
::1 - GET /getSessionId?sessionId=eknwMCafJojWwr6xUaQQ-DlidrTEXDHB&timestamp=1534857869963 HTTP/1.1 200 48 - 0.468 ms
::1 - GET /api/adminUser/getSession?sessionId=eknwMCafJojWwr6xUaQQ-DlidrTEXDHB&timestamp=1534857870878 HTTP/1.1 200 65 - 211.903 ms
::1 - GET /getSessionId?sessionId=eknwMCafJojWwr6xUaQQ-DlidrTEXDHB&timestamp=1534857871232 HTTP/1.1 200 48 - 0.523 ms
::1 - GET /api/adminUser/getSession?sessionId=eknwMCafJojWwr6xUaQQ-DlidrTEXDHB&timestamp=1534857871876 HTTP/1.1 200 65 - 83.964 ms
::1 - GET /getSessionId?sessionId=eknwMCafJojWwr6xUaQQ-DlidrTEXDHB&timestamp=1534857871966 HTTP/1.1 200 48 - 1.679 ms
::1 - GET /api/adminUser/getSession?sessionId=eknwMCafJojWwr6xUaQQ-DlidrTEXDHB&timestamp=1534857872877 HTTP/1.1 200 65 - 82.363 ms
::1 - GET /getSessionId?sessionId=eknwMCafJojWwr6xUaQQ-DlidrTEXDHB&timestamp=1534857872966 HTTP/1.1 200 48 - 0.648 ms
::1 - GET /api/adminUser/getSession?sessionId=eknwMCafJojWwr6xUaQQ-DlidrTEXDHB&timestamp=1534857873877 HTTP/1.1 200 65 - 313.887 ms
::1 - GET /getSessionId?sessionId=eknwMCafJojWwr6xUaQQ-DlidrTEXDHB&timestamp=1534857874200 HTTP/1.1 200 48 - 0.522 ms
::1 - GET /api/adminUser/getSession?sessionId=eknwMCafJojWwr6xUaQQ-DlidrTEXDHB&timestamp=1534857874877 HTTP/1.1 200 65 - 162.366 ms
::1 - GET /getSessionId?sessionId=eknwMCafJojWwr6xUaQQ-DlidrTEXDHB&timestamp=1534857875047 HTTP/1.1 200 48 - 0.649 ms
::1 - GET /api/adminUser/getSession?sessionId=eknwMCafJojWwr6xUaQQ-DlidrTEXDHB&timestamp=1534857875876 HTTP/1.1 200 65 - 844.900 ms
::1 - GET /getSessionId?sessionId=eknwMCafJojWwr6xUaQQ-DlidrTEXDHB&timestamp=1534857876731 HTTP/1.1 200 48 - 0.720 ms
::1 - GET /api/adminUser/getSession?sessionId=eknwMCafJojWwr6xUaQQ-DlidrTEXDHB&timestamp=1534857876877 HTTP/1.1 200 65 - 233.974 ms
::1 - GET /getSessionId?sessionId=eknwMCafJojWwr6xUaQQ-DlidrTEXDHB&timestamp=1534857877123 HTTP/1.1 200 48 - 2.117 ms
::1 - GET /api/adminUser/getSession?sessionId=eknwMCafJojWwr6xUaQQ-DlidrTEXDHB&timestamp=1534857877877 HTTP/1.1 200 65 - 90.134 ms
::1 - GET /getSessionId?sessionId=eknwMCafJojWwr6xUaQQ-DlidrTEXDHB&timestamp=1534857877973 HTTP/1.1 200 48 - 0.718 ms
::1 - GET /api/adminUser/getSession?sessionId=eknwMCafJojWwr6xUaQQ-DlidrTEXDHB&timestamp=1534857878878 HTTP/1.1 200 65 - 88.871 ms
::1 - GET /getSessionId?sessionId=eknwMCafJojWwr6xUaQQ-DlidrTEXDHB&timestamp=1534857878974 HTTP/1.1 200 48 - 0.662 ms
::1 - GET /api/adminUser/getSession?sessionId=eknwMCafJojWwr6xUaQQ-DlidrTEXDHB&timestamp=1534857879876 HTTP/1.1 200 65 - 206.707 ms
::1 - GET /getSessionId?sessionId=eknwMCafJojWwr6xUaQQ-DlidrTEXDHB&timestamp=1534857880088 HTTP/1.1 200 48 - 0.601 ms
::1 - GET /api/adminUser/getSession?sessionId=eknwMCafJojWwr6xUaQQ-DlidrTEXDHB&timestamp=1534857880877 HTTP/1.1 200 65 - 352.993 ms
::1 - GET /getSessionId?sessionId=eknwMCafJojWwr6xUaQQ-DlidrTEXDHB&timestamp=1534857881243 HTTP/1.1 200 48 - 1.641 ms
::1 - GET /api/adminUser/getSession?sessionId=eknwMCafJojWwr6xUaQQ-DlidrTEXDHB&timestamp=1534857881878 HTTP/1.1 200 65 - 86.954 ms
::1 - GET /getSessionId?sessionId=eknwMCafJojWwr6xUaQQ-DlidrTEXDHB&timestamp=1534857881973 HTTP/1.1 200 48 - 0.810 ms
::1 - GET /api/adminUser/getSession?sessionId=eknwMCafJojWwr6xUaQQ-DlidrTEXDHB&timestamp=1534857882877 HTTP/1.1 200 65 - 762.176 ms
::1 - GET /getSessionId?sessionId=eknwMCafJojWwr6xUaQQ-DlidrTEXDHB&timestamp=1534857883652 HTTP/1.1 200 48 - 1.090 ms
::1 - GET /api/adminUser/getSession?sessionId=eknwMCafJojWwr6xUaQQ-DlidrTEXDHB&timestamp=1534857883877 HTTP/1.1 200 65 - 140.613 ms
::1 - GET /getSessionId?sessionId=eknwMCafJojWwr6xUaQQ-DlidrTEXDHB&timestamp=1534857884031 HTTP/1.1 200 48 - 1.556 ms
::1 - GET /api/adminUser/getSession?sessionId=eknwMCafJojWwr6xUaQQ-DlidrTEXDHB&timestamp=1534857884877 HTTP/1.1 200 65 - 204.220 ms
::1 - GET /getSessionId?sessionId=eknwMCafJojWwr6xUaQQ-DlidrTEXDHB&timestamp=1534857885100 HTTP/1.1 200 48 - 1.531 ms
::1 - GET /api/adminUser/getSession?sessionId=eknwMCafJojWwr6xUaQQ-DlidrTEXDHB&timestamp=1534857885877 HTTP/1.1 200 65 - 232.244 ms
::1 - GET /getSessionId?sessionId=eknwMCafJojWwr6xUaQQ-DlidrTEXDHB&timestamp=1534857886121 HTTP/1.1 200 48 - 1.824 ms
::1 - GET /api/adminUser/getSession?sessionId=eknwMCafJojWwr6xUaQQ-DlidrTEXDHB&timestamp=1534857886878 HTTP/1.1 200 65 - 85.957 ms
::1 - GET /getSessionId?sessionId=eknwMCafJojWwr6xUaQQ-DlidrTEXDHB&timestamp=1534857886977 HTTP/1.1 200 48 - 0.459 ms
::1 - GET /api/adminUser/getSession?sessionId=eknwMCafJojWwr6xUaQQ-DlidrTEXDHB&timestamp=1534857887877 HTTP/1.1 200 65 - 217.758 ms
::1 - GET /getSessionId?sessionId=eknwMCafJojWwr6xUaQQ-DlidrTEXDHB&timestamp=1534857888104 HTTP/1.1 200 48 - 0.595 ms
::1 - GET /api/adminUser/getSession?sessionId=eknwMCafJojWwr6xUaQQ-DlidrTEXDHB&timestamp=1534857888879 HTTP/1.1 200 65 - 205.997 ms
::1 - GET /getSessionId?sessionId=eknwMCafJojWwr6xUaQQ-DlidrTEXDHB&timestamp=1534857889094 HTTP/1.1 200 48 - 0.790 ms
::1 - GET /api/adminUser/getSession?sessionId=eknwMCafJojWwr6xUaQQ-DlidrTEXDHB&timestamp=1534857889880 HTTP/1.1 200 65 - 83.952 ms
::1 - GET /getSessionId?sessionId=eknwMCafJojWwr6xUaQQ-DlidrTEXDHB&timestamp=1534857889972 HTTP/1.1 200 48 - 0.474 ms
::1 - GET /api/adminUser/getSession?sessionId=eknwMCafJojWwr6xUaQQ-DlidrTEXDHB&timestamp=1534857890878 HTTP/1.1 200 65 - 86.571 ms
::1 - GET /getSessionId?sessionId=eknwMCafJojWwr6xUaQQ-DlidrTEXDHB&timestamp=1534857890971 HTTP/1.1 200 48 - 0.464 ms
::1 - GET /api/adminUser/getSession?sessionId=eknwMCafJojWwr6xUaQQ-DlidrTEXDHB&timestamp=1534857891878 HTTP/1.1 200 65 - 85.656 ms
::1 - GET /getSessionId?sessionId=eknwMCafJojWwr6xUaQQ-DlidrTEXDHB&timestamp=1534857891972 HTTP/1.1 200 48 - 0.591 ms
::1 - GET /api/adminUser/getSession?sessionId=eknwMCafJojWwr6xUaQQ-DlidrTEXDHB&timestamp=1534857892878 HTTP/1.1 200 65 - 162.911 ms
::1 - GET /getSessionId?sessionId=eknwMCafJojWwr6xUaQQ-DlidrTEXDHB&timestamp=1534857893054 HTTP/1.1 200 48 - 1.311 ms
::1 - GET /api/adminUser/getSession?sessionId=eknwMCafJojWwr6xUaQQ-DlidrTEXDHB&timestamp=1534857893877 HTTP/1.1 200 65 - 450.544 ms
::1 - GET /getSessionId?sessionId=eknwMCafJojWwr6xUaQQ-DlidrTEXDHB&timestamp=1534857894338 HTTP/1.1 200 48 - 1.003 ms
::1 - GET /api/adminUser/getSession?sessionId=eknwMCafJojWwr6xUaQQ-DlidrTEXDHB&timestamp=1534857894878 HTTP/1.1 200 65 - 418.805 ms
::1 - GET /getSessionId?sessionId=eknwMCafJojWwr6xUaQQ-DlidrTEXDHB&timestamp=1534857895307 HTTP/1.1 200 48 - 0.797 ms
::1 - GET /api/adminUser/getSession?sessionId=eknwMCafJojWwr6xUaQQ-DlidrTEXDHB&timestamp=1534857895877 HTTP/1.1 200 65 - 82.603 ms
::1 - GET /getSessionId?sessionId=eknwMCafJojWwr6xUaQQ-DlidrTEXDHB&timestamp=1534857895968 HTTP/1.1 200 48 - 0.709 ms
::1 - GET /api/adminUser/getSession?sessionId=eknwMCafJojWwr6xUaQQ-DlidrTEXDHB&timestamp=1534857896878 HTTP/1.1 200 65 - 80.991 ms
::1 - GET /getSessionId?sessionId=eknwMCafJojWwr6xUaQQ-DlidrTEXDHB&timestamp=1534857896965 HTTP/1.1 200 48 - 0.502 ms
::1 - GET /api/adminUser/getSession?sessionId=eknwMCafJojWwr6xUaQQ-DlidrTEXDHB&timestamp=1534857897877 HTTP/1.1 200 65 - 197.511 ms
::1 - GET /getSessionId?sessionId=eknwMCafJojWwr6xUaQQ-DlidrTEXDHB&timestamp=1534857898086 HTTP/1.1 200 48 - 0.694 ms
::1 - GET /api/adminUser/getSession?sessionId=eknwMCafJojWwr6xUaQQ-DlidrTEXDHB&timestamp=1534857898876 HTTP/1.1 200 65 - 81.235 ms
::1 - GET /getSessionId?sessionId=eknwMCafJojWwr6xUaQQ-DlidrTEXDHB&timestamp=1534857898967 HTTP/1.1 200 48 - 1.064 ms
::1 - GET /api/adminUser/getSession?sessionId=eknwMCafJojWwr6xUaQQ-DlidrTEXDHB&timestamp=1534857899876 HTTP/1.1 200 65 - 77.999 ms
::1 - GET /getSessionId?sessionId=eknwMCafJojWwr6xUaQQ-DlidrTEXDHB&timestamp=1534857899958 HTTP/1.1 200 48 - 0.470 ms
::1 - GET /api/adminUser/getSession?sessionId=eknwMCafJojWwr6xUaQQ-DlidrTEXDHB&timestamp=1534857900877 HTTP/1.1 200 65 - 97.799 ms
::1 - GET /getSessionId?sessionId=eknwMCafJojWwr6xUaQQ-DlidrTEXDHB&timestamp=1534857900984 HTTP/1.1 200 48 - 0.568 ms
::1 - GET /api/adminUser/getSession?sessionId=eknwMCafJojWwr6xUaQQ-DlidrTEXDHB&timestamp=1534857901876 HTTP/1.1 200 65 - 324.463 ms
::1 - GET /getSessionId?sessionId=eknwMCafJojWwr6xUaQQ-DlidrTEXDHB&timestamp=1534857902210 HTTP/1.1 200 48 - 1.141 ms
::1 - GET /api/adminUser/getSession?sessionId=eknwMCafJojWwr6xUaQQ-DlidrTEXDHB&timestamp=1534857902876 HTTP/1.1 200 65 - 237.725 ms
::1 - GET /getSessionId?sessionId=eknwMCafJojWwr6xUaQQ-DlidrTEXDHB&timestamp=1534857903123 HTTP/1.1 200 48 - 1.301 ms
::1 - GET /api/adminUser/getSession?sessionId=eknwMCafJojWwr6xUaQQ-DlidrTEXDHB&timestamp=1534857903878 HTTP/1.1 200 65 - 146.614 ms
::1 - GET /getSessionId?sessionId=eknwMCafJojWwr6xUaQQ-DlidrTEXDHB&timestamp=1534857904038 HTTP/1.1 200 48 - 1.464 ms
::1 - GET /api/adminUser/getSession?sessionId=eknwMCafJojWwr6xUaQQ-DlidrTEXDHB&timestamp=1534857904878 HTTP/1.1 200 65 - 85.753 ms
::1 - GET /getSessionId?sessionId=eknwMCafJojWwr6xUaQQ-DlidrTEXDHB&timestamp=1534857904968 HTTP/1.1 200 48 - 0.559 ms
::1 - GET /api/adminUser/getSession?sessionId=eknwMCafJojWwr6xUaQQ-DlidrTEXDHB&timestamp=1534857905878 HTTP/1.1 200 65 - 256.022 ms
::1 - GET /getSessionId?sessionId=eknwMCafJojWwr6xUaQQ-DlidrTEXDHB&timestamp=1534857906145 HTTP/1.1 200 48 - 1.494 ms
::1 - GET /api/adminUser/getSession?sessionId=eknwMCafJojWwr6xUaQQ-DlidrTEXDHB&timestamp=1534857906877 HTTP/1.1 200 65 - 210.524 ms
::1 - GET /getSessionId?sessionId=eknwMCafJojWwr6xUaQQ-DlidrTEXDHB&timestamp=1534857907101 HTTP/1.1 200 48 - 1.579 ms
::1 - GET /api/adminUser/getSession?sessionId=eknwMCafJojWwr6xUaQQ-DlidrTEXDHB&timestamp=1534857907877 HTTP/1.1 200 65 - 150.243 ms
::1 - GET /getSessionId?sessionId=eknwMCafJojWwr6xUaQQ-DlidrTEXDHB&timestamp=1534857908036 HTTP/1.1 200 48 - 1.070 ms
::1 - GET /api/adminUser/getSession?sessionId=eknwMCafJojWwr6xUaQQ-DlidrTEXDHB&timestamp=1534857908877 HTTP/1.1 200 65 - 97.156 ms
::1 - GET /getSessionId?sessionId=eknwMCafJojWwr6xUaQQ-DlidrTEXDHB&timestamp=1534857908980 HTTP/1.1 200 48 - 0.676 ms
::1 - GET /api/adminUser/getSession?sessionId=eknwMCafJojWwr6xUaQQ-DlidrTEXDHB&timestamp=1534857909878 HTTP/1.1 200 65 - 215.949 ms
::1 - GET /getSessionId?sessionId=eknwMCafJojWwr6xUaQQ-DlidrTEXDHB&timestamp=1534857910111 HTTP/1.1 200 48 - 1.540 ms
::1 - GET /api/adminUser/getSession?sessionId=eknwMCafJojWwr6xUaQQ-DlidrTEXDHB&timestamp=1534857910877 HTTP/1.1 200 65 - 499.533 ms
::1 - GET /getSessionId?sessionId=eknwMCafJojWwr6xUaQQ-DlidrTEXDHB&timestamp=1534857911387 HTTP/1.1 200 48 - 0.583 ms
::1 - GET /api/adminUser/getSession?sessionId=eknwMCafJojWwr6xUaQQ-DlidrTEXDHB&timestamp=1534857911877 HTTP/1.1 200 65 - 131.317 ms
::1 - GET /getSessionId?sessionId=eknwMCafJojWwr6xUaQQ-DlidrTEXDHB&timestamp=1534857912014 HTTP/1.1 200 48 - 0.552 ms
::1 - GET /api/adminUser/getSession?sessionId=eknwMCafJojWwr6xUaQQ-DlidrTEXDHB&timestamp=1534857912877 HTTP/1.1 200 65 - 97.741 ms
::1 - GET /getSessionId?sessionId=eknwMCafJojWwr6xUaQQ-DlidrTEXDHB&timestamp=1534857912982 HTTP/1.1 200 48 - 0.535 ms
::1 - GET /api/adminUser/getSession?sessionId=eknwMCafJojWwr6xUaQQ-DlidrTEXDHB&timestamp=1534857913876 HTTP/1.1 200 65 - 196.822 ms
::1 - GET /getSessionId?sessionId=eknwMCafJojWwr6xUaQQ-DlidrTEXDHB&timestamp=1534857914078 HTTP/1.1 200 48 - 0.473 ms
::1 - GET /api/adminUser/getSession?sessionId=eknwMCafJojWwr6xUaQQ-DlidrTEXDHB&timestamp=1534857914877 HTTP/1.1 200 65 - 164.846 ms
::1 - GET /getSessionId?sessionId=eknwMCafJojWwr6xUaQQ-DlidrTEXDHB&timestamp=1534857915047 HTTP/1.1 200 48 - 0.468 ms
::1 - GET /api/adminUser/getSession?sessionId=eknwMCafJojWwr6xUaQQ-DlidrTEXDHB&timestamp=1534857915877 HTTP/1.1 200 65 - 87.776 ms
::1 - GET /getSessionId?sessionId=eknwMCafJojWwr6xUaQQ-DlidrTEXDHB&timestamp=1534857915969 HTTP/1.1 200 48 - 0.451 ms
::1 - GET /api/adminUser/getSession?sessionId=eknwMCafJojWwr6xUaQQ-DlidrTEXDHB&timestamp=1534857916877 HTTP/1.1 200 65 - 111.231 ms
::1 - GET /getSessionId?sessionId=eknwMCafJojWwr6xUaQQ-DlidrTEXDHB&timestamp=1534857916992 HTTP/1.1 200 48 - 0.469 ms
::1 - GET /api/adminUser/getSession?sessionId=eknwMCafJojWwr6xUaQQ-DlidrTEXDHB&timestamp=1534857917877 HTTP/1.1 200 65 - 386.090 ms
::1 - GET /getSessionId?sessionId=eknwMCafJojWwr6xUaQQ-DlidrTEXDHB&timestamp=1534857918266 HTTP/1.1 200 48 - 0.504 ms
::1 - GET /api/adminUser/getSession?sessionId=eknwMCafJojWwr6xUaQQ-DlidrTEXDHB&timestamp=1534857918876 HTTP/1.1 200 65 - 151.348 ms
::1 - GET /getSessionId?sessionId=eknwMCafJojWwr6xUaQQ-DlidrTEXDHB&timestamp=1534857919036 HTTP/1.1 200 48 - 0.471 ms
::1 - GET /api/adminUser/getSession?sessionId=eknwMCafJojWwr6xUaQQ-DlidrTEXDHB&timestamp=1534857919878 HTTP/1.1 200 65 - 165.367 ms
::1 - GET /getSessionId?sessionId=eknwMCafJojWwr6xUaQQ-DlidrTEXDHB&timestamp=1534857920047 HTTP/1.1 200 48 - 0.509 ms
::1 - GET /api/adminUser/getSession?sessionId=eknwMCafJojWwr6xUaQQ-DlidrTEXDHB&timestamp=1534857920877 HTTP/1.1 200 65 - 99.238 ms
::1 - GET /getSessionId?sessionId=eknwMCafJojWwr6xUaQQ-DlidrTEXDHB&timestamp=1534857920982 HTTP/1.1 200 48 - 0.508 ms
::1 - GET /api/adminUser/getSession?sessionId=eknwMCafJojWwr6xUaQQ-DlidrTEXDHB&timestamp=1534857921877 HTTP/1.1 200 65 - 83.473 ms
::1 - GET /getSessionId?sessionId=eknwMCafJojWwr6xUaQQ-DlidrTEXDHB&timestamp=1534857921964 HTTP/1.1 200 48 - 0.460 ms
::1 - GET /api/adminUser/getSession?sessionId=eknwMCafJojWwr6xUaQQ-DlidrTEXDHB&timestamp=1534857922878 HTTP/1.1 200 65 - 82.131 ms
::1 - GET /getSessionId?sessionId=eknwMCafJojWwr6xUaQQ-DlidrTEXDHB&timestamp=1534857922964 HTTP/1.1 200 48 - 1.351 ms
::1 - GET /api/adminUser/getSession?sessionId=eknwMCafJojWwr6xUaQQ-DlidrTEXDHB&timestamp=1534857923876 HTTP/1.1 200 65 - 112.791 ms
::1 - GET /getSessionId?sessionId=eknwMCafJojWwr6xUaQQ-DlidrTEXDHB&timestamp=1534857923994 HTTP/1.1 200 48 - 0.492 ms
::1 - GET /api/adminUser/getSession?sessionId=eknwMCafJojWwr6xUaQQ-DlidrTEXDHB&timestamp=1534857924876 HTTP/1.1 200 65 - 364.315 ms
::1 - GET /getSessionId?sessionId=eknwMCafJojWwr6xUaQQ-DlidrTEXDHB&timestamp=1534857925246 HTTP/1.1 200 48 - 0.457 ms
::1 - GET /api/adminUser/getSession?sessionId=eknwMCafJojWwr6xUaQQ-DlidrTEXDHB&timestamp=1534857925876 HTTP/1.1 200 65 - 88.512 ms
::1 - GET /getSessionId?sessionId=eknwMCafJojWwr6xUaQQ-DlidrTEXDHB&timestamp=1534857925969 HTTP/1.1 200 48 - 0.456 ms
::1 - GET /api/adminUser/getSession?sessionId=eknwMCafJojWwr6xUaQQ-DlidrTEXDHB&timestamp=1534857926879 HTTP/1.1 200 65 - 103.640 ms
::1 - GET /getSessionId?sessionId=eknwMCafJojWwr6xUaQQ-DlidrTEXDHB&timestamp=1534857927015 HTTP/1.1 200 48 - 0.464 ms
::1 - GET /api/adminUser/getSession?sessionId=eknwMCafJojWwr6xUaQQ-DlidrTEXDHB&timestamp=1534857927876 HTTP/1.1 200 65 - 189.450 ms
::1 - GET /getSessionId?sessionId=eknwMCafJojWwr6xUaQQ-DlidrTEXDHB&timestamp=1534857928071 HTTP/1.1 200 48 - 0.544 ms
::1 - GET /api/adminUser/getSession?sessionId=eknwMCafJojWwr6xUaQQ-DlidrTEXDHB&timestamp=1534857928877 HTTP/1.1 200 65 - 136.513 ms
::1 - GET /getSessionId?sessionId=eknwMCafJojWwr6xUaQQ-DlidrTEXDHB&timestamp=1534857929017 HTTP/1.1 200 48 - 0.483 ms
::1 - GET /api/adminUser/getSession?sessionId=eknwMCafJojWwr6xUaQQ-DlidrTEXDHB&timestamp=1534857929875 HTTP/1.1 200 65 - 113.559 ms
::1 - GET /getSessionId?sessionId=eknwMCafJojWwr6xUaQQ-DlidrTEXDHB&timestamp=1534857929994 HTTP/1.1 200 48 - 0.467 ms
::1 - GET /api/adminUser/getSession?sessionId=eknwMCafJojWwr6xUaQQ-DlidrTEXDHB&timestamp=1534857930876 HTTP/1.1 200 65 - 83.586 ms
::1 - GET /getSessionId?sessionId=eknwMCafJojWwr6xUaQQ-DlidrTEXDHB&timestamp=1534857930964 HTTP/1.1 200 48 - 0.476 ms
::1 - GET /api/adminUser/getSession?sessionId=eknwMCafJojWwr6xUaQQ-DlidrTEXDHB&timestamp=1534857931877 HTTP/1.1 200 65 - 346.564 ms
::1 - GET /getSessionId?sessionId=eknwMCafJojWwr6xUaQQ-DlidrTEXDHB&timestamp=1534857932228 HTTP/1.1 200 48 - 0.458 ms
::1 - GET /api/adminUser/getSession?sessionId=eknwMCafJojWwr6xUaQQ-DlidrTEXDHB&timestamp=1534857932876 HTTP/1.1 200 65 - 82.702 ms
::1 - GET /getSessionId?sessionId=eknwMCafJojWwr6xUaQQ-DlidrTEXDHB&timestamp=1534857932962 HTTP/1.1 200 48 - 0.470 ms
::1 - GET /api/adminUser/getSession?sessionId=eknwMCafJojWwr6xUaQQ-DlidrTEXDHB&timestamp=1534857933875 HTTP/1.1 200 65 - 183.618 ms
::1 - GET /getSessionId?sessionId=eknwMCafJojWwr6xUaQQ-DlidrTEXDHB&timestamp=1534857934063 HTTP/1.1 200 48 - 0.498 ms
::1 - GET /api/adminUser/getSession?sessionId=eknwMCafJojWwr6xUaQQ-DlidrTEXDHB&timestamp=1534857934876 HTTP/1.1 200 65 - 79.915 ms
::1 - GET /getSessionId?sessionId=eknwMCafJojWwr6xUaQQ-DlidrTEXDHB&timestamp=1534857934978 HTTP/1.1 200 48 - 0.469 ms
::1 - GET /api/adminUser/getSession?sessionId=eknwMCafJojWwr6xUaQQ-DlidrTEXDHB&timestamp=1534857935878 HTTP/1.1 200 65 - 225.057 ms
::1 - GET /getSessionId?sessionId=eknwMCafJojWwr6xUaQQ-DlidrTEXDHB&timestamp=1534857936107 HTTP/1.1 200 48 - 0.495 ms
::1 - GET /api/adminUser/getSession?sessionId=eknwMCafJojWwr6xUaQQ-DlidrTEXDHB&timestamp=1534857936877 HTTP/1.1 200 65 - 525.508 ms
::1 - GET /getSessionId?sessionId=eknwMCafJojWwr6xUaQQ-DlidrTEXDHB&timestamp=1534857937407 HTTP/1.1 200 48 - 0.467 ms
::1 - GET /api/adminUser/getSession?sessionId=eknwMCafJojWwr6xUaQQ-DlidrTEXDHB&timestamp=1534857937876 HTTP/1.1 200 65 - 199.972 ms
::1 - GET /getSessionId?sessionId=eknwMCafJojWwr6xUaQQ-DlidrTEXDHB&timestamp=1534857938081 HTTP/1.1 200 48 - 0.458 ms
::1 - GET /api/adminUser/getSession?sessionId=eknwMCafJojWwr6xUaQQ-DlidrTEXDHB&timestamp=1534857938877 HTTP/1.1 200 65 - 216.538 ms
::1 - GET /getSessionId?sessionId=eknwMCafJojWwr6xUaQQ-DlidrTEXDHB&timestamp=1534857939098 HTTP/1.1 200 48 - 0.537 ms
::1 - GET /api/adminUser/getSession?sessionId=eknwMCafJojWwr6xUaQQ-DlidrTEXDHB&timestamp=1534857939877 HTTP/1.1 200 65 - 207.841 ms
::1 - GET /getSessionId?sessionId=eknwMCafJojWwr6xUaQQ-DlidrTEXDHB&timestamp=1534857940089 HTTP/1.1 200 48 - 0.448 ms
::1 - GET /getSessionId?timestamp=1534859474752 HTTP/1.1 200 48 - 5.937 ms
::1 - GET /getSessionId?timestamp=1534859492482 HTTP/1.1 200 48 - 0.830 ms
::1 - GET /api/adminUser/getTmpQrcode?platformType=3&qrcodeType=TMPQRCODE_LOGIN_SESSIONID&expireSeconds=6000&appAccountId=0&sessionId=w_5qyGtylEMr-UVhOoZ8jCnmDN6QErSX&timestamp=1534859495806 HTTP/1.1 200 265 - 2289.248 ms
::1 - GET /api/adminUser/getSession?sessionId=w_5qyGtylEMr-UVhOoZ8jCnmDN6QErSX&timestamp=1534859497808 HTTP/1.1 200 65 - 400.729 ms
::1 - GET /api/adminUser/getSession?sessionId=w_5qyGtylEMr-UVhOoZ8jCnmDN6QErSX&timestamp=1534859499809 HTTP/1.1 200 65 - 300.789 ms
::1 - GET /api/adminUser/getSession?sessionId=w_5qyGtylEMr-UVhOoZ8jCnmDN6QErSX&timestamp=1534859501809 HTTP/1.1 200 65 - 235.344 ms
::1 - GET /api/adminUser/getSession?sessionId=w_5qyGtylEMr-UVhOoZ8jCnmDN6QErSX&timestamp=1534859503809 HTTP/1.1 200 65 - 553.909 ms
::1 - GET /api/adminUser/getSession?sessionId=w_5qyGtylEMr-UVhOoZ8jCnmDN6QErSX&timestamp=1534859505807 HTTP/1.1 200 65 - 152.652 ms
::1 - GET /api/adminUser/getSession?sessionId=w_5qyGtylEMr-UVhOoZ8jCnmDN6QErSX&timestamp=1534859507807 HTTP/1.1 200 65 - 84.271 ms
::1 - GET /api/adminUser/getSession?sessionId=w_5qyGtylEMr-UVhOoZ8jCnmDN6QErSX&timestamp=1534859509809 HTTP/1.1 200 65 - 221.940 ms
::1 - GET /api/adminUser/getSession?sessionId=w_5qyGtylEMr-UVhOoZ8jCnmDN6QErSX&timestamp=1534859511809 HTTP/1.1 200 65 - 157.503 ms
::1 - GET /api/adminUser/getSession?sessionId=w_5qyGtylEMr-UVhOoZ8jCnmDN6QErSX&timestamp=1534859514066 HTTP/1.1 200 65 - 383.459 ms
::1 - GET /api/adminUser/getSession?sessionId=w_5qyGtylEMr-UVhOoZ8jCnmDN6QErSX&timestamp=1534859516068 HTTP/1.1 200 65 - 239.409 ms
::1 - GET /api/adminUser/getSession?timestamp=1534859518066 HTTP/1.1 200 68 - 120.799 ms
::1 - GET /api/adminUser/getSession?timestamp=1534859520067 HTTP/1.1 200 68 - 114.880 ms
::1 - GET /api/adminUser/getSession?timestamp=1534859521810 HTTP/1.1 200 68 - 975.910 ms
::1 - GET /api/adminUser/getSession?timestamp=1534859523808 HTTP/1.1 200 68 - 125.813 ms
::1 - GET /getSessionId?timestamp=1534859525610 HTTP/1.1 200 48 - 0.608 ms
::1 - GET /api/adminUser/getTmpQrcode?platformType=3&qrcodeType=TMPQRCODE_LOGIN_SESSIONID&expireSeconds=6000&appAccountId=0&sessionId=0Vr70jeo3gGQ93FvfjY_bQxeisGKSFzq&timestamp=1534859525809 HTTP/1.1 200 265 - 715.318 ms
::1 - GET /api/adminUser/getSession?sessionId=0Vr70jeo3gGQ93FvfjY_bQxeisGKSFzq&timestamp=1534859527811 HTTP/1.1 200 65 - 265.216 ms
::1 - GET /api/adminUser/getSession?sessionId=0Vr70jeo3gGQ93FvfjY_bQxeisGKSFzq&timestamp=1534859529810 HTTP/1.1 200 65 - 174.751 ms
::1 - GET /api/adminUser/getSession?sessionId=0Vr70jeo3gGQ93FvfjY_bQxeisGKSFzq&timestamp=1534859531811 HTTP/1.1 200 65 - 103.787 ms
::1 - GET /api/adminUser/getSession?sessionId=0Vr70jeo3gGQ93FvfjY_bQxeisGKSFzq&timestamp=1534859533811 HTTP/1.1 200 65 - 219.728 ms
::1 - GET /api/adminUser/getSession?sessionId=0Vr70jeo3gGQ93FvfjY_bQxeisGKSFzq&timestamp=1534859535812 HTTP/1.1 200 65 - 222.474 ms
::1 - GET /api/adminUser/getSession?sessionId=0Vr70jeo3gGQ93FvfjY_bQxeisGKSFzq&timestamp=1534859537811 HTTP/1.1 200 65 - 483.786 ms
::1 - GET /api/adminUser/getSession?sessionId=0Vr70jeo3gGQ93FvfjY_bQxeisGKSFzq&timestamp=1534859539811 HTTP/1.1 200 65 - 693.167 ms
::1 - GET /api/adminUser/getSession?sessionId=0Vr70jeo3gGQ93FvfjY_bQxeisGKSFzq&timestamp=1534859541812 HTTP/1.1 200 1469 - 257.242 ms
::1 - GET /api/adminCenter/getUserCorpAuthMulti?sessionId=0Vr70jeo3gGQ93FvfjY_bQxeisGKSFzq&timestamp=1534859542441 HTTP/1.1 200 764 - 746.160 ms
::1 - GET /api/adminCenter/logout?sessionId=0Vr70jeo3gGQ93FvfjY_bQxeisGKSFzq&timestamp=1534859549709 HTTP/1.1 200 42 - 162.931 ms
::1 - GET /api/adminUser/getTmpQrcode?platformType=3&qrcodeType=TMPQRCODE_LOGIN_SESSIONID&expireSeconds=6000&appAccountId=0&sessionId=0Vr70jeo3gGQ93FvfjY_bQxeisGKSFzq&timestamp=1534859549898 HTTP/1.1 200 265 - 727.767 ms
::1 - GET /api/adminUser/getSession?sessionId=0Vr70jeo3gGQ93FvfjY_bQxeisGKSFzq&timestamp=1534859551901 HTTP/1.1 200 65 - 246.137 ms
::1 - GET /api/adminUser/getSession?sessionId=0Vr70jeo3gGQ93FvfjY_bQxeisGKSFzq&timestamp=1534859553902 HTTP/1.1 200 65 - 205.000 ms
::1 - GET /api/adminUser/getSession?sessionId=0Vr70jeo3gGQ93FvfjY_bQxeisGKSFzq&timestamp=1534859555900 HTTP/1.1 200 65 - 1008.206 ms
::1 - GET /api/adminUser/getSession?sessionId=0Vr70jeo3gGQ93FvfjY_bQxeisGKSFzq&timestamp=1534859557901 HTTP/1.1 200 65 - 97.031 ms
::1 - GET /api/adminUser/getSession?sessionId=0Vr70jeo3gGQ93FvfjY_bQxeisGKSFzq&timestamp=1534859559900 HTTP/1.1 200 65 - 943.739 ms
::1 - GET /api/adminUser/getSession?sessionId=0Vr70jeo3gGQ93FvfjY_bQxeisGKSFzq&timestamp=1534859561901 HTTP/1.1 200 65 - 87.244 ms
::1 - GET /api/adminUser/getSession?sessionId=0Vr70jeo3gGQ93FvfjY_bQxeisGKSFzq&timestamp=1534859563902 HTTP/1.1 200 65 - 190.647 ms
::1 - GET /api/adminUser/getSession?sessionId=0Vr70jeo3gGQ93FvfjY_bQxeisGKSFzq&timestamp=1534859565901 HTTP/1.1 200 65 - 169.166 ms
::1 - GET /api/adminUser/getSession?sessionId=0Vr70jeo3gGQ93FvfjY_bQxeisGKSFzq&timestamp=1534859567901 HTTP/1.1 200 65 - 643.801 ms
::1 - GET /api/adminUser/getSession?sessionId=0Vr70jeo3gGQ93FvfjY_bQxeisGKSFzq&timestamp=1534859569901 HTTP/1.1 200 65 - 303.057 ms
::1 - GET /api/adminUser/getSession?sessionId=0Vr70jeo3gGQ93FvfjY_bQxeisGKSFzq&timestamp=1534859571901 HTTP/1.1 200 65 - 154.210 ms
::1 - GET /api/adminUser/getSession?sessionId=0Vr70jeo3gGQ93FvfjY_bQxeisGKSFzq&timestamp=1534859573900 HTTP/1.1 200 65 - 85.687 ms
::1 - GET /api/adminUser/getSession?sessionId=0Vr70jeo3gGQ93FvfjY_bQxeisGKSFzq&timestamp=1534859575900 HTTP/1.1 200 65 - 91.056 ms
::1 - GET /api/adminUser/getSession?sessionId=0Vr70jeo3gGQ93FvfjY_bQxeisGKSFzq&timestamp=1534859577901 HTTP/1.1 200 65 - 84.452 ms
::1 - GET /api/adminUser/getSession?sessionId=0Vr70jeo3gGQ93FvfjY_bQxeisGKSFzq&timestamp=1534859579901 HTTP/1.1 200 65 - 234.880 ms
